05:43:34 [App     ] Build date: Oct  7 2017, 11:38:22
05:43:34 [App     ] CPU: Intel(R) Core(TM) i5-7300HQ CPU @ 2.50GHz
05:43:34 [App     ] RAM: 7.66GB Physical Memory 7.45GB Virtual Memory
05:43:34 [App     ] OS: Linux 4.10.0-28-generic (x86_64)
05:43:34 [App     ] SSE & AVX compatible CPU & OS detected
05:43:35 [App     ] Command line: scene.mvs -w /home/greg/greg/castle_output/mvs
05:43:35 [App     ] MapSMtoCores for SM 6.1 is undefined; default to use 128 cores/SM
05:43:35 [App     ] CUDA device 0 initialized: GeForce GTX 1060 (compute capability 6.1; memory 5.92GB)
05:43:35 [App     ] Camera model loaded: platform 0; camera  0; f 1.054x1.054; poses 11
05:43:35 [App     ] Image loaded   0: 100_7100.JPG
05:43:35 [App     ] Image loaded   1: 100_7101.JPG
05:43:35 [App     ] Image loaded   2: 100_7102.JPG
05:43:35 [App     ] Image loaded   3: 100_7103.JPG
05:43:35 [App     ] Image loaded   4: 100_7104.JPG
05:43:35 [App     ] Image loaded   5: 100_7105.JPG
05:43:35 [App     ] Image loaded   6: 100_7106.JPG
05:43:35 [App     ] Image loaded   7: 100_7107.JPG
05:43:35 [App     ] Image loaded   8: 100_7108.JPG
05:43:35 [App     ] Image loaded   9: 100_7109.JPG
05:43:35 [App     ] Image loaded  10: 100_7110.JPG
05:43:35 [App     ] Scene loaded from interface format (343ms):
	11 images (11 calibrated) with a total of 63.22 MPixels (5.75 MPixels/image)
	6085 points, 0 vertices, 0 faces
05:43:36 [App     ] Preparing images for dense reconstruction completed: 11 images (472ms)
05:43:36 [App     ] Selecting images for dense reconstruction completed: 11 images (20ms)
05:43:36 [App     ] Reference image   9 paired with 4 views
05:43:36 [App     ] Reference image   6 paired with 4 views
05:44:07 [App     ] Depth-map for image   9 estimated using  4 images: 708x532 (30s694ms)
05:44:07 [App     ] Reference image   0 paired with 4 views
05:44:26 [App     ] Depth-map for image   6 estimated using  4 images: 708x532 (19s395ms)
05:44:27 [App     ] Reference image   3 paired with 4 views
05:44:48 [App     ] Depth-map for image   0 estimated using  4 images: 708x532 (22s42ms)
05:44:49 [App     ] Reference image   7 paired with 4 views
05:45:08 [App     ] Depth-map for image   3 estimated using  4 images: 708x532 (19s818ms)
05:45:09 [App     ] Reference image   4 paired with 4 views
05:45:27 [App     ] Depth-map for image   7 estimated using  4 images: 708x532 (19s209ms)
05:45:28 [App     ] Reference image  10 paired with 4 views
05:45:48 [App     ] Depth-map for image   4 estimated using  4 images: 708x532 (20s727ms)
05:45:49 [App     ] Reference image   1 paired with 4 views
05:46:16 [App     ] Depth-map for image  10 estimated using  4 images: 708x532 (28s117ms)
05:46:17 [App     ] Reference image   8 paired with 4 views
05:46:38 [App     ] Depth-map for image   1 estimated using  4 images: 708x532 (22s39ms)
05:46:39 [App     ] Reference image   5 paired with 4 views
05:47:01 [App     ] Depth-map for image   8 estimated using  4 images: 708x532 (22s404ms)
05:47:01 [App     ] Reference image   2 paired with 4 views
05:47:20 [App     ] Depth-map for image   5 estimated using  4 images: 708x532 (19s682ms)
05:47:41 [App     ] Depth-map for image   2 estimated using  4 images: 708x532 (20s846ms)
05:47:44 [App     ] Depth map   0 filtered using 6 other images: 71941/248320 depths discarded (772ms)
05:47:44 [App     ] Depth map   3 filtered using 8 other images: 48677/226236 depths discarded (803ms)
05:47:44 [App     ] Depth map   6 filtered using 8 other images: 55994/234044 depths discarded (897ms)
05:47:44 [App     ] Depth map   9 filtered using 8 other images: 58466/278830 depths discarded (869ms)
05:47:44 [App     ] Depth map   7 filtered using 8 other images: 35070/228014 depths discarded (748ms)
05:47:44 [App     ] Depth map   4 filtered using 8 other images: 49257/221205 depths discarded (746ms)
05:47:44 [App     ] Depth map  10 filtered using 6 other images: 158215/336630 depths discarded (660ms)
05:47:45 [App     ] Depth map   1 filtered using 8 other images: 53115/237351 depths discarded (768ms)
05:47:45 [App     ] Depth map   2 filtered using 8 other images: 52547/227238 depths discarded (706ms)
05:47:45 [App     ] Depth map   8 filtered using 8 other images: 43231/261291 depths discarded (797ms)
05:47:45 [App     ] Depth map   5 filtered using 8 other images: 53400/226005 depths discarded (770ms)
05:47:53 [App     ] Depth-maps fused and filtered: 11 depth-maps, 2675951 depths, 384658 points (14%%) (6s524ms)
05:47:53 [App     ] Densifying point-cloud completed: 384658 points (4m17s775ms)
05:47:57 [App     ] Scene saved (3s450ms):
	11 images (11 calibrated)
	384658 points, 0 vertices, 0 faces
05:47:57 [App     ] Point-cloud saved: 384658 points (192ms)
05:47:57 [App     ] MEMORYINFO: {
05:47:57 [App     ] 	VmPeak:	14395992 kB
05:47:57 [App     ] 	VmSize:	14395992 kB
05:47:57 [App     ] } ENDINFO
