05:47:58 [App     ] Build date: Oct  7 2017, 11:38:22
05:47:58 [App     ] CPU: Intel(R) Core(TM) i5-7300HQ CPU @ 2.50GHz
05:47:58 [App     ] RAM: 7.66GB Physical Memory 7.45GB Virtual Memory
05:47:58 [App     ] OS: Linux 4.10.0-28-generic (x86_64)
05:47:58 [App     ] SSE & AVX compatible CPU & OS detected
05:47:58 [App     ] Command line: scene_dense.mvs -w /home/greg/greg/castle_output/mvs
05:47:58 [App     ] MapSMtoCores for SM 6.1 is undefined; default to use 128 cores/SM
05:47:58 [App     ] CUDA device 0 initialized: GeForce GTX 1060 (compute capability 6.1; memory 5.92GB)
05:48:00 [App     ] Scene loaded (1s506ms):
	11 images (11 calibrated) with a total of 3.95 MPixels (0.36 MPixels/image)
	384658 points, 0 vertices, 0 faces
05:48:18 [App     ] Delaunay tetrahedralization completed: 384658 points -> 317051 vertices, 1992153 (+202) cells, 3984407 (+303) faces (17s666ms)
05:48:47 [App     ] Delaunay tetrahedras weighting completed: 1992355 cells, 3984710 faces (28s722ms)
05:48:57 [App     ] Delaunay tetrahedras graph-cut completed (381326 flow): 247057 vertices, 494144 faces (10s423ms)
05:49:16 [App     ] Mesh reconstruction completed: 247080 vertices, 494066 faces (1m16s644ms)
05:49:24 [App     ] Cleaned mesh: 246770 vertices, 493336 faces (7s340ms)
05:49:29 [App     ] Cleaned mesh: 246771 vertices, 493335 faces (5s135ms)
05:49:31 [App     ] Cleaned mesh: 246771 vertices, 493335 faces (2s562ms)
05:49:33 [App     ] Scene saved (1s411ms):
	11 images (11 calibrated)
	0 points, 246771 vertices, 493335 faces
05:49:33 [App     ] Mesh saved: 246771 vertices, 493335 faces (310ms)
05:49:33 [App     ] MEMORYINFO: {
05:49:33 [App     ] 	VmPeak:	14287248 kB
05:49:33 [App     ] 	VmSize:	13698468 kB
05:49:33 [App     ] } ENDINFO
