Determining if the pthread_create exist failed with the following output:
Change Dir: /home/trey.fortmuller/CLionProjects/mirror_pivot_sfm/cmake-build-debug/CMakeFiles/CMakeTmp

Run Build Command:"/usr/bin/make" "cmTC_6e510/fast"
/usr/bin/make -f CMakeFiles/cmTC_6e510.dir/build.make CMakeFiles/cmTC_6e510.dir/build
make[1]: Entering directory `/home/trey.fortmuller/CLionProjects/mirror_pivot_sfm/cmake-build-debug/CMakeFiles/CMakeTmp'
Building C object CMakeFiles/cmTC_6e510.dir/CheckSymbolExists.c.o
/usr/bin/cc     -o CMakeFiles/cmTC_6e510.dir/CheckSymbolExists.c.o   -c /home/trey.fortmuller/CLionProjects/mirror_pivot_sfm/cmake-build-debug/CMakeFiles/CMakeTmp/CheckSymbolExists.c
Linking C executable cmTC_6e510
/home/trey.fortmuller/clion-2017.1.3/bin/cmake/bin/cmake -E cmake_link_script CMakeFiles/cmTC_6e510.dir/link.txt --verbose=1
/usr/bin/cc       CMakeFiles/cmTC_6e510.dir/CheckSymbolExists.c.o  -o cmTC_6e510 -rdynamic 
CMakeFiles/cmTC_6e510.dir/CheckSymbolExists.c.o: In function `main':
CheckSymbolExists.c:(.text+0x16): undefined reference to `pthread_create'
collect2: error: ld returned 1 exit status
make[1]: *** [cmTC_6e510] Error 1
make[1]: Leaving directory `/home/trey.fortmuller/CLionProjects/mirror_pivot_sfm/cmake-build-debug/CMakeFiles/CMakeTmp'
make: *** [cmTC_6e510/fast] Error 2

File /home/trey.fortmuller/CLionProjects/mirror_pivot_sfm/cmake-build-debug/CMakeFiles/CMakeTmp/CheckSymbolExists.c:
/* */
#include <pthread.h>

int main(int argc, char** argv)
{
  (void)argv;
#ifndef pthread_create
  return ((int*)(&pthread_create))[argc];
#else
  (void)argc;
  return 0;
#endif
}

Determining if the function pthread_create exists in the pthreads failed with the following output:
Change Dir: /home/trey.fortmuller/CLionProjects/mirror_pivot_sfm/cmake-build-debug/CMakeFiles/CMakeTmp

Run Build Command:"/usr/bin/make" "cmTC_beb12/fast"
/usr/bin/make -f CMakeFiles/cmTC_beb12.dir/build.make CMakeFiles/cmTC_beb12.dir/build
make[1]: Entering directory `/home/trey.fortmuller/CLionProjects/mirror_pivot_sfm/cmake-build-debug/CMakeFiles/CMakeTmp'
Building C object CMakeFiles/cmTC_beb12.dir/CheckFunctionExists.c.o
/usr/bin/cc    -DCHECK_FUNCTION_EXISTS=pthread_create   -o CMakeFiles/cmTC_beb12.dir/CheckFunctionExists.c.o   -c /home/trey.fortmuller/clion-2017.1.3/bin/cmake/share/cmake-3.7/Modules/CheckFunctionExists.c
Linking C executable cmTC_beb12
/home/trey.fortmuller/clion-2017.1.3/bin/cmake/bin/cmake -E cmake_link_script CMakeFiles/cmTC_beb12.dir/link.txt --verbose=1
/usr/bin/cc   -DCHECK_FUNCTION_EXISTS=pthread_create    CMakeFiles/cmTC_beb12.dir/CheckFunctionExists.c.o  -o cmTC_beb12 -rdynamic -lpthreads 
/usr/bin/ld: cannot find -lpthreads
collect2: error: ld returned 1 exit status
make[1]: *** [cmTC_beb12] Error 1
make[1]: Leaving directory `/home/trey.fortmuller/CLionProjects/mirror_pivot_sfm/cmake-build-debug/CMakeFiles/CMakeTmp'
make: *** [cmTC_beb12/fast] Error 2


